2014-03-24 15:14:27-0500 [scrapy] INFO: Scrapy 0.14.4 started (bot: walmartproducts)
2014-03-24 15:14:27-0500 [scrapy] DEBUG: Enabled extensions: FeedExporter, LogStats, TelnetConsole, CloseSpider, WebService, CoreStats, MemoryUsage, SpiderState
2014-03-24 15:14:27-0500 [scrapy] DEBUG: Enabled downloader middlewares: HttpAuthMiddleware, DownloadTimeoutMiddleware, UserAgentMiddleware, RetryMiddleware, DefaultHeadersMiddleware, RedirectMiddleware, CookiesMiddleware, HttpCompressionMiddleware, ChunkedTransferMiddleware, DownloaderStats
2014-03-24 15:14:27-0500 [scrapy] DEBUG: Enabled spider middlewares: HttpErrorMiddleware, OffsiteMiddleware, RefererMiddleware, UrlLengthMiddleware, DepthMiddleware
2014-03-24 15:14:27-0500 [scrapy] DEBUG: Enabled item pipelines: 
2014-03-24 15:14:27-0500 [walmartproducts] INFO: Spider opened
2014-03-24 15:14:27-0500 [walmartproducts] INFO: Crawled 0 pages (at 0 pages/min), scraped 0 items (at 0 items/min)
2014-03-24 15:14:27-0500 [scrapy] DEBUG: Telnet console listening on 0.0.0.0:6023
2014-03-24 15:14:27-0500 [scrapy] DEBUG: Web service listening on 0.0.0.0:6080
2014-03-24 15:14:29-0500 [walmartproducts] DEBUG: Crawled (200) <GET http://www.walmart.com/browse/cookies/976759_976787_1001391/> (referer: None)
2014-03-24 15:14:29-0500 [walmartproducts] INFO: Closing spider (finished)
2014-03-24 15:14:29-0500 [walmartproducts] INFO: Dumping spider stats:
	{'downloader/request_bytes': 243,
	 'downloader/request_count': 1,
	 'downloader/request_method_count/GET': 1,
	 'downloader/response_bytes': 63743,
	 'downloader/response_count': 1,
	 'downloader/response_status_count/200': 1,
	 'finish_reason': 'finished',
	 'finish_time': datetime.datetime(2014, 3, 24, 20, 14, 29, 693077),
	 'scheduler/memory_enqueued': 1,
	 'start_time': datetime.datetime(2014, 3, 24, 20, 14, 27, 686324)}
2014-03-24 15:14:29-0500 [walmartproducts] INFO: Spider closed (finished)
2014-03-24 15:14:29-0500 [scrapy] INFO: Dumping global stats:
	{'memusage/max': 130592768, 'memusage/startup': 130592768}
2014-03-24 15:16:47-0500 [scrapy] INFO: Scrapy 0.14.4 started (bot: walmartproducts)
2014-03-24 15:16:47-0500 [scrapy] DEBUG: Enabled extensions: FeedExporter, LogStats, TelnetConsole, CloseSpider, WebService, CoreStats, MemoryUsage, SpiderState
2014-03-24 15:16:47-0500 [scrapy] DEBUG: Enabled downloader middlewares: HttpAuthMiddleware, DownloadTimeoutMiddleware, UserAgentMiddleware, RetryMiddleware, DefaultHeadersMiddleware, RedirectMiddleware, CookiesMiddleware, HttpCompressionMiddleware, ChunkedTransferMiddleware, DownloaderStats
2014-03-24 15:16:47-0500 [scrapy] DEBUG: Enabled spider middlewares: HttpErrorMiddleware, OffsiteMiddleware, RefererMiddleware, UrlLengthMiddleware, DepthMiddleware
2014-03-24 15:16:47-0500 [scrapy] DEBUG: Enabled item pipelines: 
2014-03-24 15:16:47-0500 [walmartproducts] INFO: Spider opened
2014-03-24 15:16:47-0500 [walmartproducts] INFO: Crawled 0 pages (at 0 pages/min), scraped 0 items (at 0 items/min)
2014-03-24 15:16:47-0500 [scrapy] DEBUG: Telnet console listening on 0.0.0.0:6023
2014-03-24 15:16:47-0500 [scrapy] DEBUG: Web service listening on 0.0.0.0:6080
2014-03-24 15:16:49-0500 [walmartproducts] DEBUG: Crawled (200) <GET http://www.walmart.com/browse/cookies/976759_976787_1001391/> (referer: None)
2014-03-24 15:16:49-0500 [walmartproducts] INFO: Closing spider (finished)
2014-03-24 15:16:49-0500 [walmartproducts] INFO: Dumping spider stats:
	{'downloader/request_bytes': 243,
	 'downloader/request_count': 1,
	 'downloader/request_method_count/GET': 1,
	 'downloader/response_bytes': 63708,
	 'downloader/response_count': 1,
	 'downloader/response_status_count/200': 1,
	 'finish_reason': 'finished',
	 'finish_time': datetime.datetime(2014, 3, 24, 20, 16, 49, 930988),
	 'scheduler/memory_enqueued': 1,
	 'start_time': datetime.datetime(2014, 3, 24, 20, 16, 47, 928054)}
2014-03-24 15:16:49-0500 [walmartproducts] INFO: Spider closed (finished)
2014-03-24 15:16:49-0500 [scrapy] INFO: Dumping global stats:
	{'memusage/max': 130596864, 'memusage/startup': 130596864}
2014-03-24 15:17:44-0500 [scrapy] INFO: Scrapy 0.14.4 started (bot: walmartproducts)
2014-03-24 15:17:44-0500 [scrapy] DEBUG: Enabled extensions: FeedExporter, LogStats, TelnetConsole, CloseSpider, WebService, CoreStats, MemoryUsage, SpiderState
2014-03-24 15:18:23-0500 [scrapy] INFO: Scrapy 0.14.4 started (bot: walmartproducts)
2014-03-24 15:18:23-0500 [scrapy] DEBUG: Enabled extensions: FeedExporter, LogStats, TelnetConsole, CloseSpider, WebService, CoreStats, MemoryUsage, SpiderState
2014-03-24 15:18:23-0500 [scrapy] DEBUG: Enabled downloader middlewares: HttpAuthMiddleware, DownloadTimeoutMiddleware, UserAgentMiddleware, RetryMiddleware, DefaultHeadersMiddleware, RedirectMiddleware, CookiesMiddleware, HttpCompressionMiddleware, ChunkedTransferMiddleware, DownloaderStats
2014-03-24 15:18:23-0500 [scrapy] DEBUG: Enabled spider middlewares: HttpErrorMiddleware, OffsiteMiddleware, RefererMiddleware, UrlLengthMiddleware, DepthMiddleware
2014-03-24 15:18:23-0500 [scrapy] DEBUG: Enabled item pipelines: 
2014-03-24 15:18:23-0500 [walmartproducts] INFO: Spider opened
2014-03-24 15:18:23-0500 [walmartproducts] INFO: Crawled 0 pages (at 0 pages/min), scraped 0 items (at 0 items/min)
2014-03-24 15:18:23-0500 [scrapy] DEBUG: Telnet console listening on 0.0.0.0:6023
2014-03-24 15:18:23-0500 [scrapy] DEBUG: Web service listening on 0.0.0.0:6080
2014-03-24 15:18:24-0500 [walmartproducts] DEBUG: Crawled (200) <GET http://www.walmart.com/browse/cookies/976759_976787_1001391/> (referer: None)
2014-03-24 15:18:24-0500 [walmartproducts] INFO: Closing spider (finished)
2014-03-24 15:18:24-0500 [walmartproducts] INFO: Dumping spider stats:
	{'downloader/request_bytes': 243,
	 'downloader/request_count': 1,
	 'downloader/request_method_count/GET': 1,
	 'downloader/response_bytes': 63796,
	 'downloader/response_count': 1,
	 'downloader/response_status_count/200': 1,
	 'finish_reason': 'finished',
	 'finish_time': datetime.datetime(2014, 3, 24, 20, 18, 24, 776573),
	 'scheduler/memory_enqueued': 1,
	 'start_time': datetime.datetime(2014, 3, 24, 20, 18, 23, 233625)}
2014-03-24 15:18:24-0500 [walmartproducts] INFO: Spider closed (finished)
2014-03-24 15:18:24-0500 [scrapy] INFO: Dumping global stats:
	{'memusage/max': 130596864, 'memusage/startup': 130596864}
2014-03-24 15:19:10-0500 [scrapy] INFO: Scrapy 0.14.4 started (bot: walmartproducts)
2014-03-24 15:19:10-0500 [scrapy] DEBUG: Enabled extensions: FeedExporter, LogStats, TelnetConsole, CloseSpider, WebService, CoreStats, MemoryUsage, SpiderState
2014-03-24 15:19:10-0500 [scrapy] DEBUG: Enabled downloader middlewares: HttpAuthMiddleware, DownloadTimeoutMiddleware, UserAgentMiddleware, RetryMiddleware, DefaultHeadersMiddleware, RedirectMiddleware, CookiesMiddleware, HttpCompressionMiddleware, ChunkedTransferMiddleware, DownloaderStats
2014-03-24 15:19:10-0500 [scrapy] DEBUG: Enabled spider middlewares: HttpErrorMiddleware, OffsiteMiddleware, RefererMiddleware, UrlLengthMiddleware, DepthMiddleware
2014-03-24 15:19:10-0500 [scrapy] DEBUG: Enabled item pipelines: 
2014-03-24 15:19:10-0500 [walmartproducts] INFO: Spider opened
2014-03-24 15:19:10-0500 [walmartproducts] INFO: Crawled 0 pages (at 0 pages/min), scraped 0 items (at 0 items/min)
2014-03-24 15:19:10-0500 [scrapy] DEBUG: Telnet console listening on 0.0.0.0:6023
2014-03-24 15:19:10-0500 [scrapy] DEBUG: Web service listening on 0.0.0.0:6080
2014-03-24 15:19:13-0500 [walmartproducts] DEBUG: Crawled (200) <GET http://www.walmart.com/browse/cookies/976759_976787_1001391/> (referer: None)
2014-03-24 15:19:13-0500 [walmartproducts] INFO: Closing spider (finished)
2014-03-24 15:19:13-0500 [walmartproducts] INFO: Dumping spider stats:
	{'downloader/request_bytes': 243,
	 'downloader/request_count': 1,
	 'downloader/request_method_count/GET': 1,
	 'downloader/response_bytes': 63746,
	 'downloader/response_count': 1,
	 'downloader/response_status_count/200': 1,
	 'finish_reason': 'finished',
	 'finish_time': datetime.datetime(2014, 3, 24, 20, 19, 13, 405297),
	 'scheduler/memory_enqueued': 1,
	 'start_time': datetime.datetime(2014, 3, 24, 20, 19, 10, 750714)}
2014-03-24 15:19:13-0500 [walmartproducts] INFO: Spider closed (finished)
2014-03-24 15:19:13-0500 [scrapy] INFO: Dumping global stats:
	{'memusage/max': 130596864, 'memusage/startup': 130596864}
2014-03-24 15:20:01-0500 [scrapy] INFO: Scrapy 0.14.4 started (bot: walmartproducts)
2014-03-24 15:20:01-0500 [scrapy] DEBUG: Enabled extensions: FeedExporter, LogStats, TelnetConsole, CloseSpider, WebService, CoreStats, MemoryUsage, SpiderState
2014-03-24 15:20:01-0500 [scrapy] DEBUG: Enabled downloader middlewares: HttpAuthMiddleware, DownloadTimeoutMiddleware, UserAgentMiddleware, RetryMiddleware, DefaultHeadersMiddleware, RedirectMiddleware, CookiesMiddleware, HttpCompressionMiddleware, ChunkedTransferMiddleware, DownloaderStats
2014-03-24 15:20:01-0500 [scrapy] DEBUG: Enabled spider middlewares: HttpErrorMiddleware, OffsiteMiddleware, RefererMiddleware, UrlLengthMiddleware, DepthMiddleware
2014-03-24 15:20:01-0500 [scrapy] DEBUG: Enabled item pipelines: 
2014-03-24 15:20:01-0500 [walmartproducts] INFO: Spider opened
2014-03-24 15:20:01-0500 [walmartproducts] INFO: Crawled 0 pages (at 0 pages/min), scraped 0 items (at 0 items/min)
2014-03-24 15:20:01-0500 [scrapy] DEBUG: Telnet console listening on 0.0.0.0:6023
2014-03-24 15:20:01-0500 [scrapy] DEBUG: Web service listening on 0.0.0.0:6080
2014-03-24 15:20:05-0500 [walmartproducts] DEBUG: Crawled (200) <GET http://www.walmart.com/browse/cookies/976759_976787_1001391/> (referer: None)
2014-03-24 15:20:05-0500 [walmartproducts] INFO: Closing spider (finished)
2014-03-24 15:20:05-0500 [walmartproducts] INFO: Dumping spider stats:
	{'downloader/request_bytes': 243,
	 'downloader/request_count': 1,
	 'downloader/request_method_count/GET': 1,
	 'downloader/response_bytes': 63715,
	 'downloader/response_count': 1,
	 'downloader/response_status_count/200': 1,
	 'finish_reason': 'finished',
	 'finish_time': datetime.datetime(2014, 3, 24, 20, 20, 5, 516291),
	 'scheduler/memory_enqueued': 1,
	 'start_time': datetime.datetime(2014, 3, 24, 20, 20, 1, 742837)}
2014-03-24 15:20:05-0500 [walmartproducts] INFO: Spider closed (finished)
2014-03-24 15:20:05-0500 [scrapy] INFO: Dumping global stats:
	{'memusage/max': 130592768, 'memusage/startup': 130592768}
2014-03-24 15:20:33-0500 [scrapy] INFO: Scrapy 0.14.4 started (bot: walmartproducts)
2014-03-24 15:20:33-0500 [scrapy] DEBUG: Enabled extensions: FeedExporter, LogStats, TelnetConsole, CloseSpider, WebService, CoreStats, MemoryUsage, SpiderState
2014-03-24 15:20:33-0500 [scrapy] DEBUG: Enabled downloader middlewares: HttpAuthMiddleware, DownloadTimeoutMiddleware, UserAgentMiddleware, RetryMiddleware, DefaultHeadersMiddleware, RedirectMiddleware, CookiesMiddleware, HttpCompressionMiddleware, ChunkedTransferMiddleware, DownloaderStats
2014-03-24 15:20:33-0500 [scrapy] DEBUG: Enabled spider middlewares: HttpErrorMiddleware, OffsiteMiddleware, RefererMiddleware, UrlLengthMiddleware, DepthMiddleware
2014-03-24 15:20:33-0500 [scrapy] DEBUG: Enabled item pipelines: 
2014-03-24 15:20:33-0500 [walmartproducts] INFO: Spider opened
2014-03-24 15:20:33-0500 [walmartproducts] INFO: Crawled 0 pages (at 0 pages/min), scraped 0 items (at 0 items/min)
2014-03-24 15:20:33-0500 [scrapy] DEBUG: Telnet console listening on 0.0.0.0:6023
2014-03-24 15:20:33-0500 [scrapy] DEBUG: Web service listening on 0.0.0.0:6080
2014-03-24 15:20:35-0500 [walmartproducts] DEBUG: Crawled (200) <GET http://www.walmart.com/browse/cookies/976759_976787_1001391/> (referer: None)
2014-03-24 15:20:35-0500 [walmartproducts] INFO: Closing spider (finished)
2014-03-24 15:20:35-0500 [walmartproducts] INFO: Dumping spider stats:
	{'downloader/request_bytes': 243,
	 'downloader/request_count': 1,
	 'downloader/request_method_count/GET': 1,
	 'downloader/response_bytes': 63699,
	 'downloader/response_count': 1,
	 'downloader/response_status_count/200': 1,
	 'finish_reason': 'finished',
	 'finish_time': datetime.datetime(2014, 3, 24, 20, 20, 35, 670648),
	 'scheduler/memory_enqueued': 1,
	 'start_time': datetime.datetime(2014, 3, 24, 20, 20, 33, 247007)}
2014-03-24 15:20:35-0500 [walmartproducts] INFO: Spider closed (finished)
2014-03-24 15:20:35-0500 [scrapy] INFO: Dumping global stats:
	{'memusage/max': 130592768, 'memusage/startup': 130592768}
